+ echo ------------------------------------------------------
------------------------------------------------------
+ git add --all
+ git status
位于分支 master
您的分支与上游分支 'origin/master' 一致。

要提交的变更：
  （使用 "git restore --staged <文件>..." 以取消暂存）
	修改：     dot.profile
	新文件：   regularUpdater.sh
	新文件：   update.log

尚未暂存以备提交的变更：
  （使用 "git add <文件>..." 更新要提交的内容）
  （使用 "git restore <文件>..." 丢弃工作区的改动）
	修改：     update.log

++ date '+%Y-%m-%d %H:%M:%S'
++ hostname
./regularUpdater.sh:行8: hostname：未找到命令
+ git commit -m '2022-01-04 21:56:29 @'
[master 7268e15] 2022-01-04 21:56:29 @
 3 files changed, 16 insertions(+)
 create mode 100755 regularUpdater.sh
 create mode 100644 update.log
+ export http_proxy=http://127.0.0.1:8889
+ http_proxy=http://127.0.0.1:8889
+ git push
To github.com:ljk5403/archlinux.conf.git
   ef20d91..7268e15  master -> master
+ echo ------------------------------------------------------
------------------------------------------------------
+ git add --all
+ git status
位于分支 master
您的分支与上游分支 'origin/master' 一致。

要提交的变更：
  （使用 "git restore --staged <文件>..." 以取消暂存）
	修改：     update.log

尚未暂存以备提交的变更：
  （使用 "git add <文件>..." 更新要提交的内容）
  （使用 "git restore <文件>..." 丢弃工作区的改动）
	修改：     update.log

++ date '+%Y-%m-%d %H:%M:%S'
++ hostname
+ git commit -m '2022-01-04 21:58:52 @JKLiTB'
[master ae3a73e] 2022-01-04 21:58:52 @JKLiTB
 1 file changed, 31 insertions(+)
+ export http_proxy=http://127.0.0.1:8889
+ http_proxy=http://127.0.0.1:8889
+ git push
To github.com:ljk5403/archlinux.conf.git
   7268e15..ae3a73e  master -> master
+ echo ------------------------------------------------------
------------------------------------------------------
+ git add --all
